mode: set
github.com/bakito/goverage-badge/pkg/shield/types.go:58.54,61.23 2 1
github.com/bakito/goverage-badge/pkg/shield/types.go:65.2,65.36 1 1
github.com/bakito/goverage-badge/pkg/shield/types.go:81.2,81.22 1 1
github.com/bakito/goverage-badge/pkg/shield/types.go:87.2,87.11 1 1
github.com/bakito/goverage-badge/pkg/shield/types.go:61.23,63.3 1 1
github.com/bakito/goverage-badge/pkg/shield/types.go:65.36,66.29 1 1
github.com/bakito/goverage-badge/pkg/shield/types.go:71.3,74.17 3 1
github.com/bakito/goverage-badge/pkg/shield/types.go:78.3,78.13 1 1
github.com/bakito/goverage-badge/pkg/shield/types.go:66.29,68.4 1 1
github.com/bakito/goverage-badge/pkg/shield/types.go:74.17,76.4 1 1
github.com/bakito/goverage-badge/pkg/shield/types.go:81.22,82.34 1 1
github.com/bakito/goverage-badge/pkg/shield/types.go:82.34,84.4 1 1
github.com/bakito/goverage-badge/pkg/shield/types.go:91.92,94.19 3 0
github.com/bakito/goverage-badge/pkg/shield/types.go:97.2,99.17 2 0
github.com/bakito/goverage-badge/pkg/shield/types.go:109.2,109.19 1 0
github.com/bakito/goverage-badge/pkg/shield/types.go:94.19,96.3 1 0
github.com/bakito/goverage-badge/pkg/shield/types.go:99.17,101.3 1 0
github.com/bakito/goverage-badge/pkg/shield/types.go:101.8,102.45 1 0
github.com/bakito/goverage-badge/pkg/shield/types.go:102.45,104.4 1 0
github.com/bakito/goverage-badge/pkg/shield/types.go:104.9,106.4 1 0
github.com/bakito/goverage-badge/pkg/shield/types.go:109.19,111.3 1 0
github.com/bakito/goverage-badge/pkg/mod/mod.go:10.29,12.2 1 0
github.com/bakito/goverage-badge/pkg/mod/mod.go:14.42,16.16 2 1
github.com/bakito/goverage-badge/pkg/mod/mod.go:19.2,20.16 2 1
github.com/bakito/goverage-badge/pkg/mod/mod.go:24.2,25.44 2 1
github.com/bakito/goverage-badge/pkg/mod/mod.go:28.2,28.16 1 0
github.com/bakito/goverage-badge/pkg/mod/mod.go:16.16,18.3 1 0
github.com/bakito/goverage-badge/pkg/mod/mod.go:20.16,22.3 1 0
github.com/bakito/goverage-badge/pkg/mod/mod.go:25.44,27.3 1 1
